<?xml version="1.0" encoding="UTF-8"?>
<!-- Generated by org.testng.reporters.JUnitReportReporter -->
<testsuite hostname="Kishore" failures="0" tests="1" name="tests.LoginTest" time="5.612" errors="0" timestamp="2025-10-26T21:16:49 IST" skipped="0">
  <testcase classname="tests.LoginTest" name="testVolidLogin" time="5.612"/>
</testsuite> <!-- tests.LoginTest -->
