<?xml version="1.0" encoding="UTF-8"?>
<!-- Generated by org.testng.reporters.JUnitReportReporter -->
<testsuite hostname="Kishore" failures="0" tests="1" name="tests.LoginTest" time="2.844" errors="0" timestamp="2025-10-21T21:37:50 IST" skipped="0">
  <testcase classname="tests.LoginTest" name="testVolidLogin" time="2.844"/>
</testsuite> <!-- tests.LoginTest -->
